Determining if the pthread_create exist failed with the following output:
Change Dir: /home/alberto/Documentos/git_ATC/ATCSim/build/CMakeFiles/CMakeTmp

Run Build Command:"/usr/bin/make" "cmTC_e87c4/fast"
/usr/bin/make -f CMakeFiles/cmTC_e87c4.dir/build.make CMakeFiles/cmTC_e87c4.dir/build
make[1]: se entra en el directorio '/home/alberto/Documentos/git_ATC/ATCSim/build/CMakeFiles/CMakeTmp'
Building C object CMakeFiles/cmTC_e87c4.dir/CheckSymbolExists.c.o
/usr/bin/cc    -o CMakeFiles/cmTC_e87c4.dir/CheckSymbolExists.c.o   -c /home/alberto/Documentos/git_ATC/ATCSim/build/CMakeFiles/CMakeTmp/CheckSymbolExists.c
Linking C executable cmTC_e87c4
/usr/bin/cmake -E cmake_link_script CMakeFiles/cmTC_e87c4.dir/link.txt --verbose=1
/usr/bin/cc      CMakeFiles/cmTC_e87c4.dir/CheckSymbolExists.c.o  -o cmTC_e87c4 
CMakeFiles/cmTC_e87c4.dir/CheckSymbolExists.c.o: En la función `main':
CheckSymbolExists.c:(.text+0x1b): referencia a `pthread_create' sin definir
collect2: error: ld returned 1 exit status
CMakeFiles/cmTC_e87c4.dir/build.make:97: recipe for target 'cmTC_e87c4' failed
make[1]: *** [cmTC_e87c4] Error 1
make[1]: se sale del directorio '/home/alberto/Documentos/git_ATC/ATCSim/build/CMakeFiles/CMakeTmp'
Makefile:126: recipe for target 'cmTC_e87c4/fast' failed
make: *** [cmTC_e87c4/fast] Error 2

File /home/alberto/Documentos/git_ATC/ATCSim/build/CMakeFiles/CMakeTmp/CheckSymbolExists.c:
/* */
#include <pthread.h>

int main(int argc, char** argv)
{
  (void)argv;
#ifndef pthread_create
  return ((int*)(&pthread_create))[argc];
#else
  (void)argc;
  return 0;
#endif
}

Determining if the function pthread_create exists in the pthreads failed with the following output:
Change Dir: /home/alberto/Documentos/git_ATC/ATCSim/build/CMakeFiles/CMakeTmp

Run Build Command:"/usr/bin/make" "cmTC_8507d/fast"
/usr/bin/make -f CMakeFiles/cmTC_8507d.dir/build.make CMakeFiles/cmTC_8507d.dir/build
make[1]: se entra en el directorio '/home/alberto/Documentos/git_ATC/ATCSim/build/CMakeFiles/CMakeTmp'
Building C object CMakeFiles/cmTC_8507d.dir/CheckFunctionExists.c.o
/usr/bin/cc   -DCHECK_FUNCTION_EXISTS=pthread_create   -o CMakeFiles/cmTC_8507d.dir/CheckFunctionExists.c.o   -c /usr/share/cmake-3.10/Modules/CheckFunctionExists.c
Linking C executable cmTC_8507d
/usr/bin/cmake -E cmake_link_script CMakeFiles/cmTC_8507d.dir/link.txt --verbose=1
/usr/bin/cc  -DCHECK_FUNCTION_EXISTS=pthread_create    CMakeFiles/cmTC_8507d.dir/CheckFunctionExists.c.o  -o cmTC_8507d -lpthreads 
/usr/bin/ld: no se puede encontrar -lpthreads
collect2: error: ld returned 1 exit status
CMakeFiles/cmTC_8507d.dir/build.make:97: recipe for target 'cmTC_8507d' failed
make[1]: *** [cmTC_8507d] Error 1
make[1]: se sale del directorio '/home/alberto/Documentos/git_ATC/ATCSim/build/CMakeFiles/CMakeTmp'
Makefile:126: recipe for target 'cmTC_8507d/fast' failed
make: *** [cmTC_8507d/fast] Error 2


